2023-09-25T00:05:33.404+03:00  INFO 23592 --- [main] c.a.s.SaveDocumentApplication            : Starting SaveDocumentApplication using Java 19.0.2 with PID 23592 (C:\development\save-document-v2\target\classes started by ibrah in C:\development\save-document-v2)
2023-09-25T00:05:33.415+03:00  INFO 23592 --- [main] c.a.s.SaveDocumentApplication            : The following 1 profile is active: "dev"
2023-09-25T00:05:34.434+03:00  INFO 23592 --- [main] .s.d.r.c.RepositoryConfigurationDelegate : Multiple Spring Data modules found, entering strict repository configuration mode
2023-09-25T00:05:34.436+03:00  INFO 23592 --- [main] .s.d.r.c.RepositoryConfigurationDelegate : Bootstrapping Spring Data JDBC repositories in DEFAULT mode.
2023-09-25T00:05:34.476+03:00  INFO 23592 --- [main] .RepositoryConfigurationExtensionSupport : Spring Data JDBC - Could not safely identify store assignment for repository candidate interface com.assistant.savedocument.repository.DocumentRepository; If you want this repository to be a JDBC repository, consider annotating your entities with one of these annotations: org.springframework.data.relational.core.mapping.Table.
2023-09-25T00:05:34.478+03:00  INFO 23592 --- [main] .RepositoryConfigurationExtensionSupport : Spring Data JDBC - Could not safely identify store assignment for repository candidate interface com.assistant.savedocument.repository.RoleRepository; If you want this repository to be a JDBC repository, consider annotating your entities with one of these annotations: org.springframework.data.relational.core.mapping.Table.
2023-09-25T00:05:34.479+03:00  INFO 23592 --- [main] .RepositoryConfigurationExtensionSupport : Spring Data JDBC - Could not safely identify store assignment for repository candidate interface com.assistant.savedocument.repository.UserRepository; If you want this repository to be a JDBC repository, consider annotating your entities with one of these annotations: org.springframework.data.relational.core.mapping.Table.
2023-09-25T00:05:34.479+03:00  INFO 23592 --- [main] .s.d.r.c.RepositoryConfigurationDelegate : Finished Spring Data repository scanning in 39 ms. Found 0 JDBC repository interfaces.
2023-09-25T00:05:34.489+03:00  INFO 23592 --- [main] .s.d.r.c.RepositoryConfigurationDelegate : Multiple Spring Data modules found, entering strict repository configuration mode
2023-09-25T00:05:34.489+03:00  INFO 23592 --- [main] .s.d.r.c.RepositoryConfigurationDelegate : Bootstrapping Spring Data JPA repositories in DEFAULT mode.
2023-09-25T00:05:34.522+03:00  INFO 23592 --- [main] .s.d.r.c.RepositoryConfigurationDelegate : Finished Spring Data repository scanning in 29 ms. Found 3 JPA repository interfaces.
2023-09-25T00:05:35.105+03:00  INFO 23592 --- [main] o.s.b.w.embedded.tomcat.TomcatWebServer  : Tomcat initialized with port(s): 8080 (http)
2023-09-25T00:05:35.113+03:00  INFO 23592 --- [main] o.apache.catalina.core.StandardService   : Starting service [Tomcat]
2023-09-25T00:05:35.113+03:00  INFO 23592 --- [main] o.apache.catalina.core.StandardEngine    : Starting Servlet engine: [Apache Tomcat/10.1.12]
2023-09-25T00:05:35.236+03:00  INFO 23592 --- [main] o.a.c.c.C.[.[localhost].[/document]      : Initializing Spring embedded WebApplicationContext
2023-09-25T00:05:35.236+03:00  INFO 23592 --- [main] w.s.c.ServletWebServerApplicationContext : Root WebApplicationContext: initialization completed in 1784 ms
2023-09-25T00:05:35.262+03:00  INFO 23592 --- [main] com.zaxxer.hikari.HikariDataSource       : HikariPool-1 - Starting...
2023-09-25T00:05:35.453+03:00  INFO 23592 --- [main] com.zaxxer.hikari.pool.HikariPool        : HikariPool-1 - Added connection conn0: url=jdbc:h2:mem:mydb user=SA
2023-09-25T00:05:35.456+03:00  INFO 23592 --- [main] com.zaxxer.hikari.HikariDataSource       : HikariPool-1 - Start completed.
2023-09-25T00:05:35.469+03:00  INFO 23592 --- [main] o.s.b.a.h2.H2ConsoleAutoConfiguration    : H2 console available at '/h2-console'. Database available at 'jdbc:h2:mem:mydb'
2023-09-25T00:05:35.615+03:00  WARN 23592 --- [main] JpaBaseConfiguration$JpaWebConfiguration : spring.jpa.open-in-view is enabled by default. Therefore, database queries may be performed during view rendering. Explicitly configure spring.jpa.open-in-view to disable this warning
2023-09-25T00:05:35.748+03:00  INFO 23592 --- [main] o.hibernate.jpa.internal.util.LogHelper  : HHH000204: Processing PersistenceUnitInfo [name: default]
2023-09-25T00:05:35.811+03:00  INFO 23592 --- [main] org.hibernate.Version                    : HHH000412: Hibernate ORM core version 6.2.7.Final
2023-09-25T00:05:35.813+03:00  INFO 23592 --- [main] org.hibernate.cfg.Environment            : HHH000406: Using bytecode reflection optimizer
2023-09-25T00:05:35.974+03:00  INFO 23592 --- [main] o.h.b.i.BytecodeProviderInitiator        : HHH000021: Bytecode provider name : bytebuddy
2023-09-25T00:05:36.083+03:00  INFO 23592 --- [main] o.s.o.j.p.SpringPersistenceUnitInfo      : No LoadTimeWeaver setup: ignoring JPA class transformer
2023-09-25T00:05:36.336+03:00  INFO 23592 --- [main] o.h.b.i.BytecodeProviderInitiator        : HHH000021: Bytecode provider name : bytebuddy
2023-09-25T00:05:36.830+03:00  INFO 23592 --- [main] o.h.e.t.j.p.i.JtaPlatformInitiator       : HHH000490: Using JtaPlatform implementation: [org.hibernate.engine.transaction.jta.platform.internal.NoJtaPlatform]
2023-09-25T00:05:36.863+03:00  INFO 23592 --- [main] j.LocalContainerEntityManagerFactoryBean : Initialized JPA EntityManagerFactory for persistence unit 'default'
2023-09-25T00:05:37.208+03:00  INFO 23592 --- [main] o.s.d.j.r.query.QueryEnhancerFactory     : Hibernate is in classpath; If applicable, HQL parser will be used.
2023-09-25T00:05:38.319+03:00  INFO 23592 --- [main] o.s.s.web.DefaultSecurityFilterChain     : Will secure any request with [org.springframework.security.web.session.DisableEncodeUrlFilter@5ec921f1, org.springframework.security.web.context.request.async.WebAsyncManagerIntegrationFilter@172ca6a, org.springframework.security.web.context.SecurityContextHolderFilter@48cbb4c5, org.springframework.security.web.header.HeaderWriterFilter@74120029, org.springframework.web.filter.CorsFilter@174e5929, org.springframework.security.web.authentication.logout.LogoutFilter@771ede0d, com.assistant.savedocument.service.auth.JwtRequestFilter@36c5a4b7, org.springframework.security.web.authentication.www.BasicAuthenticationFilter@4ac2b4c6, org.springframework.security.web.savedrequest.RequestCacheAwareFilter@2740585b, org.springframework.security.web.servletapi.SecurityContextHolderAwareRequestFilter@3816efab, org.springframework.security.web.authentication.AnonymousAuthenticationFilter@7569bc9f, org.springframework.security.web.session.SessionManagementFilter@40304938, org.springframework.security.web.access.ExceptionTranslationFilter@32f2de5c, org.springframework.security.web.access.intercept.FilterSecurityInterceptor@21f7c0be]
2023-09-25T00:05:38.420+03:00  WARN 23592 --- [main] ConfigServletWebServerApplicationContext : Exception encountered during context initialization - cancelling refresh attempt: org.springframework.beans.factory.UnsatisfiedDependencyException: Error creating bean with name 'documentController' defined in file [C:\development\save-document-v2\target\classes\com\assistant\savedocument\controller\DocumentController.class]: Unsatisfied dependency expressed through constructor parameter 0: Error creating bean with name 'documentServiceImpl' defined in file [C:\development\save-document-v2\target\classes\com\assistant\savedocument\service\document\DocumentServiceImpl.class]: Unsatisfied dependency expressed through constructor parameter 2: Error creating bean with name 'getDocumentListService' defined in file [C:\development\save-document-v2\target\classes\com\assistant\savedocument\service\document\GetDocumentListService.class]: Unsatisfied dependency expressed through constructor parameter 1: Error creating bean with name 'ehCacheService' defined in file [C:\development\save-document-v2\target\classes\com\assistant\savedocument\service\cache\EhCacheService.class]: Unsatisfied dependency expressed through constructor parameter 0: No qualifying bean of type 'org.springframework.cache.CacheManager' available: expected at least 1 bean which qualifies as autowire candidate. Dependency annotations: {}
2023-09-25T00:05:38.421+03:00  INFO 23592 --- [main] j.LocalContainerEntityManagerFactoryBean : Closing JPA EntityManagerFactory for persistence unit 'default'
2023-09-25T00:05:38.427+03:00  INFO 23592 --- [main] com.zaxxer.hikari.HikariDataSource       : HikariPool-1 - Shutdown initiated...
2023-09-25T00:05:38.430+03:00  INFO 23592 --- [main] com.zaxxer.hikari.HikariDataSource       : HikariPool-1 - Shutdown completed.
2023-09-25T00:05:38.431+03:00  INFO 23592 --- [main] o.apache.catalina.core.StandardService   : Stopping service [Tomcat]
2023-09-25T00:05:38.460+03:00  INFO 23592 --- [main] .s.b.a.l.ConditionEvaluationReportLogger : 

Error starting ApplicationContext. To display the condition evaluation report re-run your application with 'debug' enabled.
2023-09-25T00:05:38.495+03:00 ERROR 23592 --- [main] o.s.b.d.LoggingFailureAnalysisReporter   : 

***************************
APPLICATION FAILED TO START
***************************

Description:

Parameter 0 of constructor in com.assistant.savedocument.service.cache.EhCacheService required a bean of type 'org.springframework.cache.CacheManager' that could not be found.


Action:

Consider defining a bean of type 'org.springframework.cache.CacheManager' in your configuration.

2023-09-25T00:06:00.349+03:00  INFO 12188 --- [main] c.a.s.SaveDocumentApplication            : Starting SaveDocumentApplication using Java 19.0.2 with PID 12188 (C:\development\save-document-v2\target\classes started by ibrah in C:\development\save-document-v2)
2023-09-25T00:06:00.350+03:00  INFO 12188 --- [main] c.a.s.SaveDocumentApplication            : The following 1 profile is active: "dev"
2023-09-25T00:06:01.029+03:00  INFO 12188 --- [main] .s.d.r.c.RepositoryConfigurationDelegate : Multiple Spring Data modules found, entering strict repository configuration mode
2023-09-25T00:06:01.030+03:00  INFO 12188 --- [main] .s.d.r.c.RepositoryConfigurationDelegate : Bootstrapping Spring Data JDBC repositories in DEFAULT mode.
2023-09-25T00:06:01.068+03:00  INFO 12188 --- [main] .RepositoryConfigurationExtensionSupport : Spring Data JDBC - Could not safely identify store assignment for repository candidate interface com.assistant.savedocument.repository.DocumentRepository; If you want this repository to be a JDBC repository, consider annotating your entities with one of these annotations: org.springframework.data.relational.core.mapping.Table.
2023-09-25T00:06:01.070+03:00  INFO 12188 --- [main] .RepositoryConfigurationExtensionSupport : Spring Data JDBC - Could not safely identify store assignment for repository candidate interface com.assistant.savedocument.repository.RoleRepository; If you want this repository to be a JDBC repository, consider annotating your entities with one of these annotations: org.springframework.data.relational.core.mapping.Table.
2023-09-25T00:06:01.071+03:00  INFO 12188 --- [main] .RepositoryConfigurationExtensionSupport : Spring Data JDBC - Could not safely identify store assignment for repository candidate interface com.assistant.savedocument.repository.UserRepository; If you want this repository to be a JDBC repository, consider annotating your entities with one of these annotations: org.springframework.data.relational.core.mapping.Table.
2023-09-25T00:06:01.071+03:00  INFO 12188 --- [main] .s.d.r.c.RepositoryConfigurationDelegate : Finished Spring Data repository scanning in 37 ms. Found 0 JDBC repository interfaces.
2023-09-25T00:06:01.081+03:00  INFO 12188 --- [main] .s.d.r.c.RepositoryConfigurationDelegate : Multiple Spring Data modules found, entering strict repository configuration mode
2023-09-25T00:06:01.082+03:00  INFO 12188 --- [main] .s.d.r.c.RepositoryConfigurationDelegate : Bootstrapping Spring Data JPA repositories in DEFAULT mode.
2023-09-25T00:06:01.120+03:00  INFO 12188 --- [main] .s.d.r.c.RepositoryConfigurationDelegate : Finished Spring Data repository scanning in 33 ms. Found 3 JPA repository interfaces.
2023-09-25T00:06:01.676+03:00  INFO 12188 --- [main] o.s.b.w.embedded.tomcat.TomcatWebServer  : Tomcat initialized with port(s): 8080 (http)
2023-09-25T00:06:01.684+03:00  INFO 12188 --- [main] o.apache.catalina.core.StandardService   : Starting service [Tomcat]
2023-09-25T00:06:01.685+03:00  INFO 12188 --- [main] o.apache.catalina.core.StandardEngine    : Starting Servlet engine: [Apache Tomcat/10.1.12]
2023-09-25T00:06:01.818+03:00  INFO 12188 --- [main] o.a.c.c.C.[.[localhost].[/document]      : Initializing Spring embedded WebApplicationContext
2023-09-25T00:06:01.818+03:00  INFO 12188 --- [main] w.s.c.ServletWebServerApplicationContext : Root WebApplicationContext: initialization completed in 1435 ms
2023-09-25T00:06:01.841+03:00  INFO 12188 --- [main] com.zaxxer.hikari.HikariDataSource       : HikariPool-1 - Starting...
2023-09-25T00:06:02.009+03:00  INFO 12188 --- [main] com.zaxxer.hikari.pool.HikariPool        : HikariPool-1 - Added connection conn0: url=jdbc:h2:mem:mydb user=SA
2023-09-25T00:06:02.011+03:00  INFO 12188 --- [main] com.zaxxer.hikari.HikariDataSource       : HikariPool-1 - Start completed.
2023-09-25T00:06:02.021+03:00  INFO 12188 --- [main] o.s.b.a.h2.H2ConsoleAutoConfiguration    : H2 console available at '/h2-console'. Database available at 'jdbc:h2:mem:mydb'
2023-09-25T00:06:02.156+03:00  WARN 12188 --- [main] JpaBaseConfiguration$JpaWebConfiguration : spring.jpa.open-in-view is enabled by default. Therefore, database queries may be performed during view rendering. Explicitly configure spring.jpa.open-in-view to disable this warning
2023-09-25T00:06:02.257+03:00  INFO 12188 --- [main] o.hibernate.jpa.internal.util.LogHelper  : HHH000204: Processing PersistenceUnitInfo [name: default]
2023-09-25T00:06:02.318+03:00  INFO 12188 --- [main] org.hibernate.Version                    : HHH000412: Hibernate ORM core version 6.2.7.Final
2023-09-25T00:06:02.321+03:00  INFO 12188 --- [main] org.hibernate.cfg.Environment            : HHH000406: Using bytecode reflection optimizer
2023-09-25T00:06:02.464+03:00  INFO 12188 --- [main] o.h.b.i.BytecodeProviderInitiator        : HHH000021: Bytecode provider name : bytebuddy
2023-09-25T00:06:02.590+03:00  INFO 12188 --- [main] o.s.o.j.p.SpringPersistenceUnitInfo      : No LoadTimeWeaver setup: ignoring JPA class transformer
2023-09-25T00:06:02.893+03:00  INFO 12188 --- [main] o.h.b.i.BytecodeProviderInitiator        : HHH000021: Bytecode provider name : bytebuddy
2023-09-25T00:06:03.375+03:00  INFO 12188 --- [main] o.h.e.t.j.p.i.JtaPlatformInitiator       : HHH000490: Using JtaPlatform implementation: [org.hibernate.engine.transaction.jta.platform.internal.NoJtaPlatform]
2023-09-25T00:06:03.408+03:00  INFO 12188 --- [main] j.LocalContainerEntityManagerFactoryBean : Initialized JPA EntityManagerFactory for persistence unit 'default'
2023-09-25T00:06:03.749+03:00  INFO 12188 --- [main] o.s.d.j.r.query.QueryEnhancerFactory     : Hibernate is in classpath; If applicable, HQL parser will be used.
2023-09-25T00:06:04.702+03:00  INFO 12188 --- [main] o.s.s.web.DefaultSecurityFilterChain     : Will secure any request with [org.springframework.security.web.session.DisableEncodeUrlFilter@7510824, org.springframework.security.web.context.request.async.WebAsyncManagerIntegrationFilter@7ed6e557, org.springframework.security.web.context.SecurityContextHolderFilter@321c01c2, org.springframework.security.web.header.HeaderWriterFilter@140fa482, org.springframework.web.filter.CorsFilter@766ab25b, org.springframework.security.web.authentication.logout.LogoutFilter@24ccc91b, com.assistant.savedocument.service.auth.JwtRequestFilter@55e3b64d, org.springframework.security.web.authentication.www.BasicAuthenticationFilter@4be6531a, org.springframework.security.web.savedrequest.RequestCacheAwareFilter@79169472, org.springframework.security.web.servletapi.SecurityContextHolderAwareRequestFilter@304cad3a, org.springframework.security.web.authentication.AnonymousAuthenticationFilter@735d7b99, org.springframework.security.web.session.SessionManagementFilter@7bb888b7, org.springframework.security.web.access.ExceptionTranslationFilter@5fdff4f1, org.springframework.security.web.access.intercept.FilterSecurityInterceptor@7569bc9f]
2023-09-25T00:06:04.840+03:00  WARN 12188 --- [main] ConfigServletWebServerApplicationContext : Exception encountered during context initialization - cancelling refresh attempt: org.springframework.beans.factory.UnsatisfiedDependencyException: Error creating bean with name 'documentController' defined in file [C:\development\save-document-v2\target\classes\com\assistant\savedocument\controller\DocumentController.class]: Unsatisfied dependency expressed through constructor parameter 0: Error creating bean with name 'documentServiceImpl' defined in file [C:\development\save-document-v2\target\classes\com\assistant\savedocument\service\document\DocumentServiceImpl.class]: Unsatisfied dependency expressed through constructor parameter 2: Error creating bean with name 'getDocumentListService' defined in file [C:\development\save-document-v2\target\classes\com\assistant\savedocument\service\document\GetDocumentListService.class]: Unsatisfied dependency expressed through constructor parameter 1: Error creating bean with name 'ehCacheService' defined in file [C:\development\save-document-v2\target\classes\com\assistant\savedocument\service\cache\EhCacheService.class]: Unsatisfied dependency expressed through constructor parameter 0: No qualifying bean of type 'org.springframework.cache.CacheManager' available: expected at least 1 bean which qualifies as autowire candidate. Dependency annotations: {}
2023-09-25T00:06:04.841+03:00  INFO 12188 --- [main] j.LocalContainerEntityManagerFactoryBean : Closing JPA EntityManagerFactory for persistence unit 'default'
2023-09-25T00:06:04.849+03:00  INFO 12188 --- [main] com.zaxxer.hikari.HikariDataSource       : HikariPool-1 - Shutdown initiated...
2023-09-25T00:06:04.852+03:00  INFO 12188 --- [main] com.zaxxer.hikari.HikariDataSource       : HikariPool-1 - Shutdown completed.
2023-09-25T00:06:04.853+03:00  INFO 12188 --- [main] o.apache.catalina.core.StandardService   : Stopping service [Tomcat]
2023-09-25T00:06:04.868+03:00  INFO 12188 --- [main] .s.b.a.l.ConditionEvaluationReportLogger : 

Error starting ApplicationContext. To display the condition evaluation report re-run your application with 'debug' enabled.
2023-09-25T00:06:04.911+03:00 ERROR 12188 --- [main] o.s.b.d.LoggingFailureAnalysisReporter   : 

***************************
APPLICATION FAILED TO START
***************************

Description:

Parameter 0 of constructor in com.assistant.savedocument.service.cache.EhCacheService required a bean of type 'org.springframework.cache.CacheManager' that could not be found.


Action:

Consider defining a bean of type 'org.springframework.cache.CacheManager' in your configuration.

